

*******************************************************************************
Wed Apr  2 16:27:30 2014


FIT:    data read from 'standard-fiber_power' using 2:4
        format = x:z
        #datapoints = 30000
        residuals are weighted equally (unit weight)

function used for fitting: f(x)
fitted parameters initialized with current variable values

BREAK:          Undefined value during function evaluation



*******************************************************************************
Wed Apr  2 16:32:53 2014


FIT:    data read from 'pruebas'
        format = z
        #datapoints = 30000
        residuals are weighted equally (unit weight)

function used for fitting: f(x)
fitted parameters initialized with current variable values

BREAK:          Undefined value during function evaluation



*******************************************************************************
Wed Apr  2 16:33:29 2014


FIT:    data read from 'pruebas'
        format = z
        #datapoints = 30000
        residuals are weighted equally (unit weight)

function used for fitting: g(x)
fitted parameters initialized with current variable values

BREAK:          Undefined value during function evaluation

